# ELBREAD: Elaboration process.
# ELBREAD: Elaboration time 0.3 [s].
acom -dbg -work vipram -2002  $dsn/src/PicoBlaze/power.vhd
# Compile...
# File: c:\Users\jamieson\Documents\Aldec\Mezzanine\VIPRAM\src\PicoBlaze\power.vhd
# Compile Entity "power"
# Compile Architecture "power_arch" of Entity "power"
# Compile success 0 Errors 0 Warnings  Analysis time :  0.2 [s]
acom -dbg -work vipram -2002  $dsn/src/top.vhd
# Compile...
# File: c:\Users\jamieson\Documents\Aldec\Mezzanine\VIPRAM\src\top.vhd
# Compile Entity "top"
# Compile Architecture "top_arch" of Entity "top"
# Compile success 0 Errors 0 Warnings  Analysis time :  0.1 [s]
acom -dbg -work vipram -2002  $dsn/src/top.vhd
# Compile...
# File: c:\Users\jamieson\Documents\Aldec\Mezzanine\VIPRAM\src\top.vhd
# Compile Entity "top"
# Compile Architecture "top_arch" of Entity "top"
# Error: ELAB1_0028: top.vhd : (230, 0): Entity port length is 116. TRIG0 length is 119.
# Error: COMP96_0367: top.vhd : (234, 18): Improper array length (116). Expected length is 119.
# Compile failure 2 Errors 0 Warnings  Analysis time :  0.1 [s]
acom -dbg -work vipram -2002  $dsn/src/chipscope_ila.vhd
# Compile...
# File: c:\Users\jamieson\Documents\Aldec\Mezzanine\VIPRAM\src\chipscope_ila.vhd
# Compile Entity "chipscope_ila"
# Compile Architecture "chipscope_ila_a" of Entity "chipscope_ila"
# Compile success 0 Errors 0 Warnings  Analysis time :  0.0 [ms]
acom -dbg -work vipram -2002  $dsn/src/MezzClock.vhd
# Compile...
# File: c:\Users\jamieson\Documents\Aldec\Mezzanine\VIPRAM\src\MezzClock.vhd
# Compile Entity "MezzClock"
# Compile Architecture "xilinx" of Entity "MezzClock"
# Compile success 0 Errors 0 Warnings  Analysis time :  0.1 [s]
acom -dbg -work vipram -2002  $dsn/src/top.vhd
# Compile...
# File: c:\Users\jamieson\Documents\Aldec\Mezzanine\VIPRAM\src\top.vhd
# Compile Entity "top"
# Compile Architecture "top_arch" of Entity "top"
# Error: COMP96_0367: top.vhd : (238, 18): Improper array length (116). Expected length is 119.
# Compile failure 1 Errors 0 Warnings  Analysis time :  0.1 [s]
acom -dbg -work vipram -2002  $dsn/src/vipram_rom.vhd
# Compile...
# File: c:\Users\jamieson\Documents\Aldec\Mezzanine\VIPRAM\src\vipram_rom.vhd
# Compile Entity "vipram_rom"
# Compile Architecture "vipram_rom_arch" of Entity "vipram_rom"
# Too many errors - compilation terminated
# Error: COMP96_0367: vipram_rom.vhd : (22, 1): Improper array length (84). Expected length is 85.
# Error: COMP96_0367: vipram_rom.vhd : (23, 1): Improper array length (84). Expected length is 85.
# Error: COMP96_0367: vipram_rom.vhd : (24, 1): Improper array length (84). Expected length is 85.
# Error: COMP96_0367: vipram_rom.vhd : (25, 1): Improper array length (84). Expected length is 85.
# Error: COMP96_0367: vipram_rom.vhd : (26, 1): Improper array length (84). Expected length is 85.
# Error: COMP96_0367: vipram_rom.vhd : (27, 1): Improper array length (84). Expected length is 85.
# Error: COMP96_0367: vipram_rom.vhd : (28, 1): Improper array length (84). Expected length is 85.
# Error: COMP96_0367: vipram_rom.vhd : (29, 1): Improper array length (84). Expected length is 85.
# Error: COMP96_0367: vipram_rom.vhd : (30, 1): Improper array length (84). Expected length is 85.
# Error: COMP96_0367: vipram_rom.vhd : (31, 1): Improper array length (84). Expected length is 85.
# Error: COMP96_0367: vipram_rom.vhd : (32, 1): Improper array length (84). Expected length is 85.
# Error: COMP96_0367: vipram_rom.vhd : (33, 1): Improper array length (84). Expected length is 85.
# Error: COMP96_0367: vipram_rom.vhd : (34, 1): Improper array length (84). Expected length is 85.
# Error: COMP96_0367: vipram_rom.vhd : (35, 1): Improper array length (84). Expected length is 85.
# Error: COMP96_0367: vipram_rom.vhd : (36, 1): Improper array length (84). Expected length is 85.
# Error: COMP96_0367: vipram_rom.vhd : (37, 1): Improper array length (84). Expected length is 85.
# Error: COMP96_0367: vipram_rom.vhd : (38, 1): Improper array length (84). Expected length is 85.
# Error: COMP96_0367: vipram_rom.vhd : (39, 1): Improper array length (84). Expected length is 85.
# Error: COMP96_0367: vipram_rom.vhd : (40, 1): Improper array length (84). Expected length is 85.
# Error: COMP96_0367: vipram_rom.vhd : (41, 1): Improper array length (84). Expected length is 85.
# Error: COMP96_0367: vipram_rom.vhd : (42, 1): Improper array length (84). Expected length is 85.
# Error: COMP96_0367: vipram_rom.vhd : (43, 1): Improper array length (84). Expected length is 85.
# Error: COMP96_0367: vipram_rom.vhd : (44, 1): Improper array length (84). Expected length is 85.
# Error: COMP96_0367: vipram_rom.vhd : (45, 1): Improper array length (84). Expected length is 85.
# Error: COMP96_0367: vipram_rom.vhd : (46, 1): Improper array length (84). Expected length is 85.
# Error: COMP96_0367: vipram_rom.vhd : (47, 1): Improper array length (84). Expected length is 85.
# Error: COMP96_0367: vipram_rom.vhd : (48, 1): Improper array length (84). Expected length is 85.
# Error: COMP96_0367: vipram_rom.vhd : (49, 1): Improper array length (84). Expected length is 85.
# Error: COMP96_0367: vipram_rom.vhd : (50, 1): Improper array length (84). Expected length is 85.
# Error: COMP96_0367: vipram_rom.vhd : (51, 1): Improper array length (84). Expected length is 85.
# Error: COMP96_0367: vipram_rom.vhd : (52, 1): Improper array length (84). Expected length is 85.
# Error: COMP96_0367: vipram_rom.vhd : (53, 1): Improper array length (84). Expected length is 85.
# Error: COMP96_0367: vipram_rom.vhd : (54, 1): Improper array length (84). Expected length is 85.
# Error: COMP96_0367: vipram_rom.vhd : (55, 1): Improper array length (84). Expected length is 85.
# Error: COMP96_0367: vipram_rom.vhd : (56, 1): Improper array length (84). Expected length is 85.
# Error: COMP96_0367: vipram_rom.vhd : (57, 1): Improper array length (84). Expected length is 85.
# Error: COMP96_0367: vipram_rom.vhd : (58, 1): Improper array length (84). Expected length is 85.
# Error: COMP96_0367: vipram_rom.vhd : (59, 1): Improper array length (84). Expected length is 85.
# Error: COMP96_0367: vipram_rom.vhd : (60, 1): Improper array length (84). Expected length is 85.
# Error: COMP96_0367: vipram_rom.vhd : (61, 1): Improper array length (84). Expected length is 85.
# Error: COMP96_0367: vipram_rom.vhd : (62, 1): Improper array length (84). Expected length is 85.
# Error: COMP96_0367: vipram_rom.vhd : (63, 1): Improper array length (84). Expected length is 85.
# Error: COMP96_0367: vipram_rom.vhd : (64, 1): Improper array length (84). Expected length is 85.
# Error: COMP96_0367: vipram_rom.vhd : (65, 1): Improper array length (84). Expected length is 85.
# Error: COMP96_0367: vipram_rom.vhd : (66, 1): Improper array length (84). Expected length is 85.
# Error: COMP96_0367: vipram_rom.vhd : (67, 1): Improper array length (84). Expected length is 85.
# Error: COMP96_0367: vipram_rom.vhd : (68, 1): Improper array length (84). Expected length is 85.
# Error: COMP96_0367: vipram_rom.vhd : (69, 1): Improper array length (84). Expected length is 85.
# Error: COMP96_0367: vipram_rom.vhd : (70, 1): Improper array length (84). Expected length is 85.
# Error: COMP96_0367: vipram_rom.vhd : (71, 1): Improper array length (84). Expected length is 85.
# Error: COMP96_0367: vipram_rom.vhd : (72, 1): Improper array length (84). Expected length is 85.
# Error: COMP96_0367: vipram_rom.vhd : (73, 1): Improper array length (84). Expected length is 85.
# Error: COMP96_0367: vipram_rom.vhd : (74, 1): Improper array length (84). Expected length is 85.
# Error: COMP96_0367: vipram_rom.vhd : (75, 1): Improper array length (84). Expected length is 85.
# Error: COMP96_0367: vipram_rom.vhd : (76, 1): Improper array length (84). Expected length is 85.
# Error: COMP96_0367: vipram_rom.vhd : (77, 1): Improper array length (84). Expected length is 85.
# Error: COMP96_0367: vipram_rom.vhd : (78, 1): Improper array length (84). Expected length is 85.
# Error: COMP96_0367: vipram_rom.vhd : (79, 1): Improper array length (84). Expected length is 85.
# Error: COMP96_0367: vipram_rom.vhd : (80, 1): Improper array length (84). Expected length is 85.
# Error: COMP96_0367: vipram_rom.vhd : (81, 1): Improper array length (84). Expected length is 85.
# Error: COMP96_0367: vipram_rom.vhd : (82, 1): Improper array length (84). Expected length is 85.
# Error: COMP96_0367: vipram_rom.vhd : (83, 1): Improper array length (84). Expected length is 85.
# Error: COMP96_0367: vipram_rom.vhd : (84, 1): Improper array length (84). Expected length is 85.
# Error: COMP96_0367: vipram_rom.vhd : (85, 1): Improper array length (84). Expected length is 85.
# Error: COMP96_0367: vipram_rom.vhd : (86, 1): Improper array length (84). Expected length is 85.
# Error: COMP96_0367: vipram_rom.vhd : (87, 1): Improper array length (84). Expected length is 85.
# Error: COMP96_0367: vipram_rom.vhd : (88, 1): Improper array length (84). Expected length is 85.
# Error: COMP96_0367: vipram_rom.vhd : (89, 1): Improper array length (84). Expected length is 85.
# Error: COMP96_0367: vipram_rom.vhd : (90, 1): Improper array length (84). Expected length is 85.
# Error: COMP96_0367: vipram_rom.vhd : (91, 1): Improper array length (84). Expected length is 85.
# Error: COMP96_0367: vipram_rom.vhd : (92, 1): Improper array length (84). Expected length is 85.
# Error: COMP96_0367: vipram_rom.vhd : (93, 1): Improper array length (84). Expected length is 85.
# Error: COMP96_0367: vipram_rom.vhd : (94, 1): Improper array length (84). Expected length is 85.
# Error: COMP96_0367: vipram_rom.vhd : (95, 1): Improper array length (84). Expected length is 85.
# Error: COMP96_0367: vipram_rom.vhd : (96, 1): Improper array length (84). Expected length is 85.
# Error: COMP96_0367: vipram_rom.vhd : (97, 1): Improper array length (84). Expected length is 85.
# Error: COMP96_0367: vipram_rom.vhd : (98, 1): Improper array length (84). Expected length is 85.
# Error: COMP96_0367: vipram_rom.vhd : (99, 1): Improper array length (84). Expected length is 85.
# Error: COMP96_0367: vipram_rom.vhd : (100, 1): Improper array length (84). Expected length is 85.
# Error: COMP96_0367: vipram_rom.vhd : (101, 1): Improper array length (84). Expected length is 85.
# Error: COMP96_0367: vipram_rom.vhd : (102, 1): Improper array length (84). Expected length is 85.
# Error: COMP96_0367: vipram_rom.vhd : (103, 1): Improper array length (84). Expected length is 85.
# Error: COMP96_0367: vipram_rom.vhd : (104, 1): Improper array length (84). Expected length is 85.
# Error: COMP96_0367: vipram_rom.vhd : (105, 1): Improper array length (84). Expected length is 85.
# Error: COMP96_0367: vipram_rom.vhd : (106, 1): Improper array length (84). Expected length is 85.
# Error: COMP96_0367: vipram_rom.vhd : (107, 1): Improper array length (84). Expected length is 85.
# Error: COMP96_0367: vipram_rom.vhd : (108, 1): Improper array length (84). Expected length is 85.
# Error: COMP96_0367: vipram_rom.vhd : (109, 1): Improper array length (84). Expected length is 85.
# Error: COMP96_0367: vipram_rom.vhd : (110, 1): Improper array length (84). Expected length is 85.
# Error: COMP96_0367: vipram_rom.vhd : (111, 1): Improper array length (84). Expected length is 85.
# Error: COMP96_0367: vipram_rom.vhd : (112, 1): Improper array length (84). Expected length is 85.
# Error: COMP96_0367: vipram_rom.vhd : (113, 1): Improper array length (84). Expected length is 85.
# Error: COMP96_0367: vipram_rom.vhd : (114, 1): Improper array length (84). Expected length is 85.
# Error: COMP96_0367: vipram_rom.vhd : (115, 1): Improper array length (84). Expected length is 85.
# Error: COMP96_0367: vipram_rom.vhd : (116, 1): Improper array length (84). Expected length is 85.
# Error: COMP96_0367: vipram_rom.vhd : (117, 1): Improper array length (84). Expected length is 85.
# Error: COMP96_0367: vipram_rom.vhd : (118, 1): Improper array length (84). Expected length is 85.
# Error: COMP96_0367: vipram_rom.vhd : (119, 1): Improper array length (84). Expected length is 85.
# Error: COMP96_0367: vipram_rom.vhd : (120, 1): Improper array length (84). Expected length is 85.
# Error: COMP96_0367: vipram_rom.vhd : (121, 1): Improper array length (84). Expected length is 85.
# Compile failure 100 Erro